<?xml version="1.0" encoding="UTF-8"?>
<!-- Generated by org.testng.reporters.JUnitXMLReporter -->
<testsuite hostname="PuKhoanXy" name="run on IE" tests="1" failures="1" timestamp="2 Oct 2017 16:34:58 GMT" time="0.01" errors="0">
  <testcase name="@AfterMethod afterTest" time="0.0" classname="webdriver_10_TestNG.TestNG_MultiBrowsers">
    <failure type="java.lang.NullPointerException">
      <![CDATA[java.lang.NullPointerException
	at webdriver_10_TestNG.TestNG_MultiBrowsers.afterTest(TestNG_MultiBrowsers.java:53)
... Removed 26 stack frames]]>
    </failure>
  </testcase> <!-- @AfterMethod afterTest -->
  <testcase name="Test1" time="0.001" classname="webdriver_10_TestNG.TestNG_MultiBrowsers">
    <failure type="java.lang.NullPointerException">
      <![CDATA[java.lang.NullPointerException
	at webdriver_10_TestNG.TestNG_MultiBrowsers.Test1(TestNG_MultiBrowsers.java:23)
... Removed 24 stack frames]]>
    </failure>
  </testcase> <!-- Test1 -->
</testsuite> <!-- run on IE -->
