<?xml version="1.0" encoding="UTF-8"?>
<!-- Generated by org.testng.reporters.JUnitXMLReporter -->
<testsuite hostname="PuKhoanXy" name="webdriver_10_TestNG.DataProvider_1" tests="4" failures="0" timestamp="2 Oct 2017 16:03:50 GMT" time="48.07" errors="0">
  <testcase name="DataProvider_1" time="3.295" classname="webdriver_10_TestNG.TestNG_DataProviders"/>
  <testcase name="DataProvider_1" time="3.289" classname="webdriver_10_TestNG.TestNG_DataProviders"/>
  <testcase name="DataProvider_2" time="3.574" classname="webdriver_10_TestNG.TestNG_DataProviders"/>
  <testcase name="DataProvider_2" time="3.384" classname="webdriver_10_TestNG.TestNG_DataProviders"/>
</testsuite> <!-- webdriver_10_TestNG.DataProvider_1 -->
